<?xml version="1.0" encoding="UTF-8"?>
<testsuite xmlns:xsi="http://www.w3.org/2001/XMLSchema-instance" xsi:noNamespaceSchemaLocation="https://maven.apache.org/surefire/maven-surefire-plugin/xsd/surefire-test-report.xsd" name="br.com.forumbrabo.AppTest" time="0.044" tests="1" errors="0" skipped="0" failures="0">
  <properties>
    <property name="java.specification.version" value="16"/>
    <property name="sun.jnu.encoding" value="UTF-8"/>
    <property name="java.class.path" value="/home/mendoka/eclipse-workspace/projforum/target/test-classes:/home/mendoka/eclipse-workspace/projforum/target/classes:/home/mendoka/.m2/repository/junit/junit/4.11/junit-4.11.jar:/home/mendoka/.m2/repository/org/hamcrest/hamcrest-core/1.3/hamcrest-core-1.3.jar:/home/mendoka/.m2/repository/com/sun/faces/jsf-impl/2.2.20/jsf-impl-2.2.20.jar:/home/mendoka/.m2/repository/com/sun/faces/jsf-api/2.2.20/jsf-api-2.2.20.jar:/home/mendoka/.m2/repository/javax/faces/javax.faces-api/2.3/javax.faces-api-2.3.jar:/home/mendoka/.m2/repository/org/hibernate/hibernate-core/5.4.12.Final/hibernate-core-5.4.12.Final.jar:/home/mendoka/.m2/repository/org/jboss/logging/jboss-logging/3.3.2.Final/jboss-logging-3.3.2.Final.jar:/home/mendoka/.m2/repository/javax/persistence/javax.persistence-api/2.2/javax.persistence-api-2.2.jar:/home/mendoka/.m2/repository/org/javassist/javassist/3.24.0-GA/javassist-3.24.0-GA.jar:/home/mendoka/.m2/repository/net/bytebuddy/byte-buddy/1.10.7/byte-buddy-1.10.7.jar:/home/mendoka/.m2/repository/antlr/antlr/2.7.7/antlr-2.7.7.jar:/home/mendoka/.m2/repository/org/jboss/spec/javax/transaction/jboss-transaction-api_1.2_spec/1.1.1.Final/jboss-transaction-api_1.2_spec-1.1.1.Final.jar:/home/mendoka/.m2/repository/org/jboss/jandex/2.1.1.Final/jandex-2.1.1.Final.jar:/home/mendoka/.m2/repository/com/fasterxml/classmate/1.5.1/classmate-1.5.1.jar:/home/mendoka/.m2/repository/javax/activation/javax.activation-api/1.2.0/javax.activation-api-1.2.0.jar:/home/mendoka/.m2/repository/org/dom4j/dom4j/2.1.1/dom4j-2.1.1.jar:/home/mendoka/.m2/repository/org/hibernate/common/hibernate-commons-annotations/5.1.0.Final/hibernate-commons-annotations-5.1.0.Final.jar:/home/mendoka/.m2/repository/javax/xml/bind/jaxb-api/2.3.1/jaxb-api-2.3.1.jar:/home/mendoka/.m2/repository/org/glassfish/jaxb/jaxb-runtime/2.3.1/jaxb-runtime-2.3.1.jar:/home/mendoka/.m2/repository/org/glassfish/jaxb/txw2/2.3.1/txw2-2.3.1.jar:/home/mendoka/.m2/repository/com/sun/istack/istack-commons-runtime/3.0.7/istack-commons-runtime-3.0.7.jar:/home/mendoka/.m2/repository/org/jvnet/staxex/stax-ex/1.8/stax-ex-1.8.jar:/home/mendoka/.m2/repository/com/sun/xml/fastinfoset/FastInfoset/1.2.15/FastInfoset-1.2.15.jar:/home/mendoka/.m2/repository/org/hibernate/hibernate-entitymanager/5.4.12.Final/hibernate-entitymanager-5.4.12.Final.jar:/home/mendoka/.m2/repository/mysql/mysql-connector-java/8.0.19/mysql-connector-java-8.0.19.jar:/home/mendoka/.m2/repository/com/google/protobuf/protobuf-java/3.6.1/protobuf-java-3.6.1.jar:/home/mendoka/.m2/repository/javax/javaee-api/8.0.1/javaee-api-8.0.1.jar:/home/mendoka/.m2/repository/com/sun/mail/javax.mail/1.6.2/javax.mail-1.6.2.jar:/home/mendoka/.m2/repository/javax/activation/activation/1.1/activation-1.1.jar:/home/mendoka/.m2/repository/org/primefaces/primefaces/10.0.0/primefaces-10.0.0.jar:"/>
    <property name="java.vm.vendor" value="AdoptOpenJDK"/>
    <property name="sun.arch.data.model" value="64"/>
    <property name="java.vendor.url" value="https://adoptopenjdk.net/"/>
    <property name="os.name" value="Linux"/>
    <property name="java.vm.specification.version" value="16"/>
    <property name="sun.java.launcher" value="SUN_STANDARD"/>
    <property name="user.country" value="BR"/>
    <property name="sun.boot.library.path" value="/usr/lib/jvm/adoptopenjdk-16-hotspot-amd64/lib"/>
    <property name="sun.java.command" value="/home/mendoka/eclipse-workspace/projforum/target/surefire/surefirebooter17372758997995700585.jar /home/mendoka/eclipse-workspace/projforum/target/surefire 2021-04-02T12-50-29_585-jvmRun1 surefire17449310368978782336tmp surefire_015202861819569487176tmp"/>
    <property name="jdk.debug" value="release"/>
    <property name="surefire.test.class.path" value="/home/mendoka/eclipse-workspace/projforum/target/test-classes:/home/mendoka/eclipse-workspace/projforum/target/classes:/home/mendoka/.m2/repository/junit/junit/4.11/junit-4.11.jar:/home/mendoka/.m2/repository/org/hamcrest/hamcrest-core/1.3/hamcrest-core-1.3.jar:/home/mendoka/.m2/repository/com/sun/faces/jsf-impl/2.2.20/jsf-impl-2.2.20.jar:/home/mendoka/.m2/repository/com/sun/faces/jsf-api/2.2.20/jsf-api-2.2.20.jar:/home/mendoka/.m2/repository/javax/faces/javax.faces-api/2.3/javax.faces-api-2.3.jar:/home/mendoka/.m2/repository/org/hibernate/hibernate-core/5.4.12.Final/hibernate-core-5.4.12.Final.jar:/home/mendoka/.m2/repository/org/jboss/logging/jboss-logging/3.3.2.Final/jboss-logging-3.3.2.Final.jar:/home/mendoka/.m2/repository/javax/persistence/javax.persistence-api/2.2/javax.persistence-api-2.2.jar:/home/mendoka/.m2/repository/org/javassist/javassist/3.24.0-GA/javassist-3.24.0-GA.jar:/home/mendoka/.m2/repository/net/bytebuddy/byte-buddy/1.10.7/byte-buddy-1.10.7.jar:/home/mendoka/.m2/repository/antlr/antlr/2.7.7/antlr-2.7.7.jar:/home/mendoka/.m2/repository/org/jboss/spec/javax/transaction/jboss-transaction-api_1.2_spec/1.1.1.Final/jboss-transaction-api_1.2_spec-1.1.1.Final.jar:/home/mendoka/.m2/repository/org/jboss/jandex/2.1.1.Final/jandex-2.1.1.Final.jar:/home/mendoka/.m2/repository/com/fasterxml/classmate/1.5.1/classmate-1.5.1.jar:/home/mendoka/.m2/repository/javax/activation/javax.activation-api/1.2.0/javax.activation-api-1.2.0.jar:/home/mendoka/.m2/repository/org/dom4j/dom4j/2.1.1/dom4j-2.1.1.jar:/home/mendoka/.m2/repository/org/hibernate/common/hibernate-commons-annotations/5.1.0.Final/hibernate-commons-annotations-5.1.0.Final.jar:/home/mendoka/.m2/repository/javax/xml/bind/jaxb-api/2.3.1/jaxb-api-2.3.1.jar:/home/mendoka/.m2/repository/org/glassfish/jaxb/jaxb-runtime/2.3.1/jaxb-runtime-2.3.1.jar:/home/mendoka/.m2/repository/org/glassfish/jaxb/txw2/2.3.1/txw2-2.3.1.jar:/home/mendoka/.m2/repository/com/sun/istack/istack-commons-runtime/3.0.7/istack-commons-runtime-3.0.7.jar:/home/mendoka/.m2/repository/org/jvnet/staxex/stax-ex/1.8/stax-ex-1.8.jar:/home/mendoka/.m2/repository/com/sun/xml/fastinfoset/FastInfoset/1.2.15/FastInfoset-1.2.15.jar:/home/mendoka/.m2/repository/org/hibernate/hibernate-entitymanager/5.4.12.Final/hibernate-entitymanager-5.4.12.Final.jar:/home/mendoka/.m2/repository/mysql/mysql-connector-java/8.0.19/mysql-connector-java-8.0.19.jar:/home/mendoka/.m2/repository/com/google/protobuf/protobuf-java/3.6.1/protobuf-java-3.6.1.jar:/home/mendoka/.m2/repository/javax/javaee-api/8.0.1/javaee-api-8.0.1.jar:/home/mendoka/.m2/repository/com/sun/mail/javax.mail/1.6.2/javax.mail-1.6.2.jar:/home/mendoka/.m2/repository/javax/activation/activation/1.1/activation-1.1.jar:/home/mendoka/.m2/repository/org/primefaces/primefaces/10.0.0/primefaces-10.0.0.jar:"/>
    <property name="sun.cpu.endian" value="little"/>
    <property name="user.home" value="/home/mendoka"/>
    <property name="user.language" value="pt"/>
    <property name="java.specification.vendor" value="Oracle Corporation"/>
    <property name="java.version.date" value="2021-03-16"/>
    <property name="java.home" value="/usr/lib/jvm/adoptopenjdk-16-hotspot-amd64"/>
    <property name="file.separator" value="/"/>
    <property name="basedir" value="/home/mendoka/eclipse-workspace/projforum"/>
    <property name="java.vm.compressedOopsMode" value="32-bit"/>
    <property name="line.separator" value="&#10;"/>
    <property name="java.vm.specification.vendor" value="Oracle Corporation"/>
    <property name="java.specification.name" value="Java Platform API Specification"/>
    <property name="surefire.real.class.path" value="/home/mendoka/eclipse-workspace/projforum/target/surefire/surefirebooter17372758997995700585.jar"/>
    <property name="sun.management.compiler" value="HotSpot 64-Bit Tiered Compilers"/>
    <property name="java.runtime.version" value="16+36"/>
    <property name="user.name" value="mendoka"/>
    <property name="path.separator" value=":"/>
    <property name="os.version" value="5.8.0-48-generic"/>
    <property name="java.runtime.name" value="OpenJDK Runtime Environment"/>
    <property name="file.encoding" value="UTF-8"/>
    <property name="java.vm.name" value="OpenJDK 64-Bit Server VM"/>
    <property name="java.vendor.version" value="AdoptOpenJDK"/>
    <property name="localRepository" value="/home/mendoka/.m2/repository"/>
    <property name="java.vendor.url.bug" value="https://github.com/AdoptOpenJDK/openjdk-support/issues"/>
    <property name="java.io.tmpdir" value="/tmp"/>
    <property name="java.version" value="16"/>
    <property name="user.dir" value="/home/mendoka/eclipse-workspace/projforum"/>
    <property name="os.arch" value="amd64"/>
    <property name="java.vm.specification.name" value="Java Virtual Machine Specification"/>
    <property name="java.library.path" value="/usr/java/packages/lib:/usr/lib64:/lib64:/lib:/usr/lib"/>
    <property name="java.vm.info" value="mixed mode, sharing"/>
    <property name="java.vendor" value="AdoptOpenJDK"/>
    <property name="java.vm.version" value="16+36"/>
    <property name="sun.io.unicode.encoding" value="UnicodeLittle"/>
    <property name="java.class.version" value="60.0"/>
  </properties>
  <testcase name="shouldAnswerWithTrue" classname="br.com.forumbrabo.AppTest" time="0.001"/>
</testsuite>